Loading required package: DBI
Error in file(filename, "r", encoding = encoding) : 
  cannot open the connection
Calls: source -> file
In addition: Warning message:
In file(filename, "r", encoding = encoding) :
  cannot open file '/home/threshold/R/Routine.R': No such file or directory
Execution halted
Loading required package: DBI
Error in file(filename, "r", encoding = encoding) : 
  cannot open the connection
Calls: source -> file
In addition: Warning message:
In file(filename, "r", encoding = encoding) :
  cannot open file '/home/threshold/R/Routine.R': No such file or directory
Execution halted
Loading required package: DBI
Error in file(filename, "r", encoding = encoding) : 
  cannot open the connection
Calls: source -> file
In addition: Warning message:
In file(filename, "r", encoding = encoding) :
  cannot open file '/home/threshold/R/Routine.R': No such file or directory
Execution halted
Loading required package: DBI
Error in file(filename, "r", encoding = encoding) : 
  cannot open the connection
Calls: source -> file
In addition: Warning message:
In file(filename, "r", encoding = encoding) :
  cannot open file '/home/threshold/R/Routine.R': No such file or directory
Execution halted
Loading required package: DBI
Error in file(filename, "r", encoding = encoding) : 
  cannot open the connection
Calls: source -> file
In addition: Warning message:
In file(filename, "r", encoding = encoding) :
  cannot open file '/home/threshold/R/Routine.R': No such file or directory
Execution halted
Loading required package: DBI
Error in file(filename, "r", encoding = encoding) : 
  cannot open the connection
Calls: source -> file
In addition: Warning message:
In file(filename, "r", encoding = encoding) :
  cannot open file '/home/threshold/R/Routine.R': No such file or directory
Execution halted
Loading required package: DBI
Error in file(filename, "r", encoding = encoding) : 
  cannot open the connection
Calls: source -> file
In addition: Warning message:
In file(filename, "r", encoding = encoding) :
  cannot open file '/home/threshold/R/Routine.R': No such file or directory
Execution halted
Loading required package: DBI
Error in file(filename, "r", encoding = encoding) : 
  cannot open the connection
Calls: source -> file
In addition: Warning message:
In file(filename, "r", encoding = encoding) :
  cannot open file '/home/threshold/R/Routine.R': No such file or directory
Execution halted
Loading required package: DBI
Error in file(filename, "r", encoding = encoding) : 
  cannot open the connection
Calls: source -> file
In addition: Warning message:
In file(filename, "r", encoding = encoding) :
  cannot open file '/home/threshold/R/Routine.R': No such file or directory
Execution halted
Loading required package: DBI
Error in file(filename, "r", encoding = encoding) : 
  cannot open the connection
Calls: source -> file
In addition: Warning message:
In file(filename, "r", encoding = encoding) :
  cannot open file '/home/threshold/R/Routine.R': No such file or directory
Execution halted
Loading required package: DBI
Error in file(filename, "r", encoding = encoding) : 
  cannot open the connection
Calls: source -> file
In addition: Warning message:
In file(filename, "r", encoding = encoding) :
  cannot open file '/home/threshold/R/Routine.R': No such file or directory
Execution halted
Loading required package: DBI
Error in file(filename, "r", encoding = encoding) : 
  cannot open the connection
Calls: source -> file
In addition: Warning message:
In file(filename, "r", encoding = encoding) :
  cannot open file '/home/threshold/R/Routine.R': No such file or directory
Execution halted
Loading required package: DBI
Error in file(filename, "r", encoding = encoding) : 
  cannot open the connection
Calls: source -> file
In addition: Warning message:
In file(filename, "r", encoding = encoding) :
  cannot open file '/home/threshold/R/Routine.R': No such file or directory
Execution halted
Loading required package: DBI
Error in file(filename, "r", encoding = encoding) : 
  cannot open the connection
Calls: source -> file
In addition: Warning message:
In file(filename, "r", encoding = encoding) :
  cannot open file '/home/threshold/R/Routine.R': No such file or directory
Execution halted
Loading required package: DBI
Error in file(filename, "r", encoding = encoding) : 
  cannot open the connection
Calls: source -> file
In addition: Warning message:
In file(filename, "r", encoding = encoding) :
  cannot open file '/home/threshold/R/Routine.R': No such file or directory
Execution halted
Loading required package: DBI
Error in file(filename, "r", encoding = encoding) : 
  cannot open the connection
Calls: source -> file
In addition: Warning message:
In file(filename, "r", encoding = encoding) :
  cannot open file '/home/threshold/R/Routine.R': No such file or directory
Execution halted
Loading required package: DBI
Error in file(filename, "r", encoding = encoding) : 
  cannot open the connection
Calls: source -> file
In addition: Warning message:
In file(filename, "r", encoding = encoding) :
  cannot open file '/home/threshold/R/Routine.R': No such file or directory
Execution halted
Loading required package: DBI
Error in file(filename, "r", encoding = encoding) : 
  cannot open the connection
Calls: source -> file
In addition: Warning message:
In file(filename, "r", encoding = encoding) :
  cannot open file '/home/threshold/R/Routine.R': No such file or directory
Execution halted
Loading required package: DBI
Error in file(filename, "r", encoding = encoding) : 
  cannot open the connection
Calls: source -> file
In addition: Warning message:
In file(filename, "r", encoding = encoding) :
  cannot open file '/home/threshold/R/Routine.R': No such file or directory
Execution halted
Loading required package: DBI
Error in file(filename, "r", encoding = encoding) : 
  cannot open the connection
Calls: source -> file
In addition: Warning message:
In file(filename, "r", encoding = encoding) :
  cannot open file '/home/threshold/R/Routine.R': No such file or directory
Execution halted
Loading required package: DBI
Error in file(filename, "r", encoding = encoding) : 
  cannot open the connection
Calls: source -> file
In addition: Warning message:
In file(filename, "r", encoding = encoding) :
  cannot open file '/home/threshold/R/Routine.R': No such file or directory
Execution halted
Loading required package: DBI
Error in file(filename, "r", encoding = encoding) : 
  cannot open the connection
Calls: source -> file
In addition: Warning message:
In file(filename, "r", encoding = encoding) :
  cannot open file '/home/threshold/R/Routine.R': No such file or directory
Execution halted
Loading required package: DBI
Error in file(filename, "r", encoding = encoding) : 
  cannot open the connection
Calls: source -> file
In addition: Warning message:
In file(filename, "r", encoding = encoding) :
  cannot open file '/home/threshold/R/Routine.R': No such file or directory
Execution halted
